Please report this error to author.
`:help eskk` to see author's e-mail address.

2019年08月16日 14時53分32秒

--- char ---
char: ''(0)
mode(): i
--- char ---

--- exception ---
exception type: Vim internal error
v:exception: Can't read '/usr/local/share/skk/SKK-JISYO.L'!
v:throwpoint: function eskk#filter[75]..<SNR>224_asym_filter[50]..<SNR>224_do_henkan[17]..<SNR>224_do_henkan_other[47]..eskk#get_skk_dict[2]..eskk#dictionary#new[1]..<SNR>245_Dictionary_new[4]..<SNR>245_PhysicalDict_new[10]..<SNR>245_PhysicalDict_update_lines[7]..<SNR>245_PhysicalDict_update_lines_main, line 2

   function <SNR>245_PhysicalDict_update_lines_main() abort dict
1      unlockvar 1 self._content_lines
2      let self._content_lines  = readfile(self.path)
3      lockvar 1 self._content_lines
4      call self.parse_lines()
5   
6      let self._ftime_at_set = getftime(self.path)
   endfunction
--- exception ---

--- preedit ---
(no preedit)
--- preedit ---

--- Vim's :version ---
NVIM v0.3.8
Build type: Release
LuaJIT 2.0.5
Compilation: /usr/bin/cc -march=x86-64 -mtune=generic -O2 -pipe -fno-plt -Wconversion -O2 -DNDEBUG -DMIN_LOG_LEVEL=3 -Wall -Wextra -pedantic -Wno-unused-parameter -Wstrict-prototypes -std=gnu99 -Wimplicit-fallthrough -Wvla -fstack-protector-strong -fdiagnostics-color=auto -Wno-array-bounds -DINCLUDE_GENERATED_DECLARATIONS -D_GNU_SOURCE -DNVIM_MSGPACK_HAS_FLOAT32 -DNVIM_UNIBI_HAS_VAR_FROM -I/build/neovim/src/build/config -I/build/neovim/src/neovim-0.3.8/src -I/usr/include -I/build/neovim/src/build/src/nvim/auto -I/build/neovim/src/build/include
Compiled by builduser

Features: +acl +iconv +jemalloc +tui 
See ":help feature-compile"

   system vimrc file: "$VIM/sysinit.vim"
  fall-back for $VIM: "/usr/share/nvim"

Run :checkhealth for more info
--- Vim's :version ---


--- Operating System ---
"uname -a" = Linux kDell 4.19.66-1-MANJARO #1 SMP PREEMPT Fri Aug 9 18:01:53 UTC 2019 x86_64 GNU/Linux
--- Operating System ---

--- feature-list ---
gui_running = 0
unix = 1
mac = 0
macunix = 0
win16 = 0
win32 = 0
win64 = 0
win32unix = 0
win95 = 0
amiga = 0
beos = 0
dos16 = 0
dos32 = 0
os2 = 0
qnx = 0
vms = 0
--- feature-list ---
